2025-11-19 08:19:43,389 [Worker-3: Loading available Gradle versions] INFO  o.e.b.c.i.u.g.PublishedGradleVersions - Gradle version information cache is up-to-date. Trying to read.
2025-11-21 08:20:11,428 [Worker-1: Loading available Gradle versions] INFO  o.e.b.c.i.u.g.PublishedGradleVersions - Gradle version information cache is up-to-date. Trying to read.
2025-11-24 08:12:48,733 [Worker-4: Loading available Gradle versions] INFO  o.e.b.c.i.u.g.PublishedGradleVersions - Gradle version information cache is out-of-date. Trying to update.
2025-11-26 08:23:31,326 [Worker-11: Loading available Gradle versions] INFO  o.e.b.c.i.u.g.PublishedGradleVersions - Gradle version information cache is up-to-date. Trying to read.
2025-11-28 08:16:35,671 [Worker-9: Loading available Gradle versions] INFO  o.e.b.c.i.u.g.PublishedGradleVersions - Gradle version information cache is up-to-date. Trying to read.
2025-12-12 08:16:30,723 [Worker-7: Loading available Gradle versions] INFO  o.e.b.c.i.u.g.PublishedGradleVersions - Gradle version information cache is out-of-date. Trying to update.
2025-12-15 08:26:48,708 [Worker-4: Loading available Gradle versions] INFO  o.e.b.c.i.u.g.PublishedGradleVersions - Gradle version information cache is out-of-date. Trying to update.
2025-12-17 08:56:50,314 [Worker-2: Loading available Gradle versions] INFO  o.e.b.c.i.u.g.PublishedGradleVersions - Gradle version information cache is up-to-date. Trying to read.
2025-12-19 08:26:19,453 [Worker-1: Loading available Gradle versions] INFO  o.e.b.c.i.u.g.PublishedGradleVersions - Gradle version information cache is out-of-date. Trying to update.
2025-12-22 08:27:02,634 [Worker-7: Loading available Gradle versions] INFO  o.e.b.c.i.u.g.PublishedGradleVersions - Gradle version information cache is out-of-date. Trying to update.
2025-12-22 08:31:22,617 [Worker-28: Launching mavenrun-d5b8284a-5316-4ac3-89ed-59f243c39166] INFO  o.eclipse.m2e.core.internal.Bundles - getClasspathEntries(Bundle=org.eclipse.m2e.maven.runtime_3.9.700.20240602-2313 [642])
2025-12-22 08:31:22,621 [Worker-28: Launching mavenrun-d5b8284a-5316-4ac3-89ed-59f243c39166] INFO  o.eclipse.m2e.core.internal.Bundles - 	Entry: C:\Users\Admin\.p2\pool\plugins\org.eclipse.m2e.maven.runtime_3.9.700.20240602-2313
2025-12-22 08:31:22,622 [Worker-28: Launching mavenrun-d5b8284a-5316-4ac3-89ed-59f243c39166] INFO  o.eclipse.m2e.core.internal.Bundles - 	Entry: C:\Users\Admin\.p2\pool\plugins\org.eclipse.m2e.maven.runtime_3.9.700.20240602-2313\jars\aopalliance-1.0.jar
2025-12-22 08:31:22,622 [Worker-28: Launching mavenrun-d5b8284a-5316-4ac3-89ed-59f243c39166] INFO  o.eclipse.m2e.core.internal.Bundles - 	Entry: C:\Users\Admin\.p2\pool\plugins\org.eclipse.m2e.maven.runtime_3.9.700.20240602-2313\jars\guice-5.1.0.jar
2025-12-22 08:31:22,622 [Worker-28: Launching mavenrun-d5b8284a-5316-4ac3-89ed-59f243c39166] INFO  o.eclipse.m2e.core.internal.Bundles - 	Entry: C:\Users\Admin\.p2\pool\plugins\org.eclipse.m2e.maven.runtime_3.9.700.20240602-2313\jars\httpclient-4.5.14.jar
2025-12-22 08:31:22,622 [Worker-28: Launching mavenrun-d5b8284a-5316-4ac3-89ed-59f243c39166] INFO  o.eclipse.m2e.core.internal.Bundles - 	Entry: C:\Users\Admin\.p2\pool\plugins\org.eclipse.m2e.maven.runtime_3.9.700.20240602-2313\jars\httpcore-4.4.16.jar
2025-12-22 08:31:22,622 [Worker-28: Launching mavenrun-d5b8284a-5316-4ac3-89ed-59f243c39166] INFO  o.eclipse.m2e.core.internal.Bundles - 	Entry: C:\Users\Admin\.p2\pool\plugins\org.eclipse.m2e.maven.runtime_3.9.700.20240602-2313\jars\jansi-2.4.1.jar
2025-12-22 08:31:22,622 [Worker-28: Launching mavenrun-d5b8284a-5316-4ac3-89ed-59f243c39166] INFO  o.eclipse.m2e.core.internal.Bundles - 	Entry: C:\Users\Admin\.p2\pool\plugins\org.eclipse.m2e.maven.runtime_3.9.700.20240602-2313\jars\jcl-over-slf4j-1.7.36.jar
2025-12-22 08:31:22,623 [Worker-28: Launching mavenrun-d5b8284a-5316-4ac3-89ed-59f243c39166] INFO  o.eclipse.m2e.core.internal.Bundles - 	Entry: C:\Users\Admin\.p2\pool\plugins\org.eclipse.m2e.maven.runtime_3.9.700.20240602-2313\jars\maven-artifact-3.9.7.jar
2025-12-22 08:31:22,623 [Worker-28: Launching mavenrun-d5b8284a-5316-4ac3-89ed-59f243c39166] INFO  o.eclipse.m2e.core.internal.Bundles - 	Entry: C:\Users\Admin\.p2\pool\plugins\org.eclipse.m2e.maven.runtime_3.9.700.20240602-2313\jars\maven-builder-support-3.9.7.jar
2025-12-22 08:31:22,623 [Worker-28: Launching mavenrun-d5b8284a-5316-4ac3-89ed-59f243c39166] INFO  o.eclipse.m2e.core.internal.Bundles - 	Entry: C:\Users\Admin\.p2\pool\plugins\org.eclipse.m2e.maven.runtime_3.9.700.20240602-2313\jars\maven-compat-3.9.7.jar
2025-12-22 08:31:22,623 [Worker-28: Launching mavenrun-d5b8284a-5316-4ac3-89ed-59f243c39166] INFO  o.eclipse.m2e.core.internal.Bundles - 	Entry: C:\Users\Admin\.p2\pool\plugins\org.eclipse.m2e.maven.runtime_3.9.700.20240602-2313\jars\maven-core-3.9.7.jar
2025-12-22 08:31:22,623 [Worker-28: Launching mavenrun-d5b8284a-5316-4ac3-89ed-59f243c39166] INFO  o.eclipse.m2e.core.internal.Bundles - 	Entry: C:\Users\Admin\.p2\pool\plugins\org.eclipse.m2e.maven.runtime_3.9.700.20240602-2313\jars\maven-embedder-3.9.7.jar
2025-12-22 08:31:22,624 [Worker-28: Launching mavenrun-d5b8284a-5316-4ac3-89ed-59f243c39166] INFO  o.eclipse.m2e.core.internal.Bundles - 	Entry: C:\Users\Admin\.p2\pool\plugins\org.eclipse.m2e.maven.runtime_3.9.700.20240602-2313\jars\maven-model-3.9.7.jar
2025-12-22 08:31:22,624 [Worker-28: Launching mavenrun-d5b8284a-5316-4ac3-89ed-59f243c39166] INFO  o.eclipse.m2e.core.internal.Bundles - 	Entry: C:\Users\Admin\.p2\pool\plugins\org.eclipse.m2e.maven.runtime_3.9.700.20240602-2313\jars\maven-model-builder-3.9.7.jar
2025-12-22 08:31:22,624 [Worker-28: Launching mavenrun-d5b8284a-5316-4ac3-89ed-59f243c39166] INFO  o.eclipse.m2e.core.internal.Bundles - 	Entry: C:\Users\Admin\.p2\pool\plugins\org.eclipse.m2e.maven.runtime_3.9.700.20240602-2313\jars\maven-plugin-api-3.9.7.jar
2025-12-22 08:31:22,624 [Worker-28: Launching mavenrun-d5b8284a-5316-4ac3-89ed-59f243c39166] INFO  o.eclipse.m2e.core.internal.Bundles - 	Entry: C:\Users\Admin\.p2\pool\plugins\org.eclipse.m2e.maven.runtime_3.9.700.20240602-2313\jars\maven-repository-metadata-3.9.7.jar
2025-12-22 08:31:22,625 [Worker-28: Launching mavenrun-d5b8284a-5316-4ac3-89ed-59f243c39166] INFO  o.eclipse.m2e.core.internal.Bundles - 	Entry: C:\Users\Admin\.p2\pool\plugins\org.eclipse.m2e.maven.runtime_3.9.700.20240602-2313\jars\maven-resolver-api-1.9.20.jar
2025-12-22 08:31:22,625 [Worker-28: Launching mavenrun-d5b8284a-5316-4ac3-89ed-59f243c39166] INFO  o.eclipse.m2e.core.internal.Bundles - 	Entry: C:\Users\Admin\.p2\pool\plugins\org.eclipse.m2e.maven.runtime_3.9.700.20240602-2313\jars\maven-resolver-connector-basic-1.9.20.jar
2025-12-22 08:31:22,625 [Worker-28: Launching mavenrun-d5b8284a-5316-4ac3-89ed-59f243c39166] INFO  o.eclipse.m2e.core.internal.Bundles - 	Entry: C:\Users\Admin\.p2\pool\plugins\org.eclipse.m2e.maven.runtime_3.9.700.20240602-2313\jars\maven-resolver-impl-1.9.20.jar
2025-12-22 08:31:22,625 [Worker-28: Launching mavenrun-d5b8284a-5316-4ac3-89ed-59f243c39166] INFO  o.eclipse.m2e.core.internal.Bundles - 	Entry: C:\Users\Admin\.p2\pool\plugins\org.eclipse.m2e.maven.runtime_3.9.700.20240602-2313\jars\maven-resolver-named-locks-1.9.20.jar
2025-12-22 08:31:22,625 [Worker-28: Launching mavenrun-d5b8284a-5316-4ac3-89ed-59f243c39166] INFO  o.eclipse.m2e.core.internal.Bundles - 	Entry: C:\Users\Admin\.p2\pool\plugins\org.eclipse.m2e.maven.runtime_3.9.700.20240602-2313\jars\maven-resolver-provider-3.9.7.jar
2025-12-22 08:31:22,625 [Worker-28: Launching mavenrun-d5b8284a-5316-4ac3-89ed-59f243c39166] INFO  o.eclipse.m2e.core.internal.Bundles - 	Entry: C:\Users\Admin\.p2\pool\plugins\org.eclipse.m2e.maven.runtime_3.9.700.20240602-2313\jars\maven-resolver-spi-1.9.20.jar
2025-12-22 08:31:22,625 [Worker-28: Launching mavenrun-d5b8284a-5316-4ac3-89ed-59f243c39166] INFO  o.eclipse.m2e.core.internal.Bundles - 	Entry: C:\Users\Admin\.p2\pool\plugins\org.eclipse.m2e.maven.runtime_3.9.700.20240602-2313\jars\maven-resolver-transport-file-1.9.20.jar
2025-12-22 08:31:22,626 [Worker-28: Launching mavenrun-d5b8284a-5316-4ac3-89ed-59f243c39166] INFO  o.eclipse.m2e.core.internal.Bundles - 	Entry: C:\Users\Admin\.p2\pool\plugins\org.eclipse.m2e.maven.runtime_3.9.700.20240602-2313\jars\maven-resolver-transport-http-1.9.20.jar
2025-12-22 08:31:22,626 [Worker-28: Launching mavenrun-d5b8284a-5316-4ac3-89ed-59f243c39166] INFO  o.eclipse.m2e.core.internal.Bundles - 	Entry: C:\Users\Admin\.p2\pool\plugins\org.eclipse.m2e.maven.runtime_3.9.700.20240602-2313\jars\maven-resolver-transport-wagon-1.9.20.jar
2025-12-22 08:31:22,626 [Worker-28: Launching mavenrun-d5b8284a-5316-4ac3-89ed-59f243c39166] INFO  o.eclipse.m2e.core.internal.Bundles - 	Entry: C:\Users\Admin\.p2\pool\plugins\org.eclipse.m2e.maven.runtime_3.9.700.20240602-2313\jars\maven-resolver-util-1.9.20.jar
2025-12-22 08:31:22,626 [Worker-28: Launching mavenrun-d5b8284a-5316-4ac3-89ed-59f243c39166] INFO  o.eclipse.m2e.core.internal.Bundles - 	Entry: C:\Users\Admin\.p2\pool\plugins\org.eclipse.m2e.maven.runtime_3.9.700.20240602-2313\jars\maven-settings-3.9.7.jar
2025-12-22 08:31:22,626 [Worker-28: Launching mavenrun-d5b8284a-5316-4ac3-89ed-59f243c39166] INFO  o.eclipse.m2e.core.internal.Bundles - 	Entry: C:\Users\Admin\.p2\pool\plugins\org.eclipse.m2e.maven.runtime_3.9.700.20240602-2313\jars\maven-settings-builder-3.9.7.jar
2025-12-22 08:31:22,626 [Worker-28: Launching mavenrun-d5b8284a-5316-4ac3-89ed-59f243c39166] INFO  o.eclipse.m2e.core.internal.Bundles - 	Entry: C:\Users\Admin\.p2\pool\plugins\org.eclipse.m2e.maven.runtime_3.9.700.20240602-2313\jars\maven-shared-utils-3.4.2.jar
2025-12-22 08:31:22,627 [Worker-28: Launching mavenrun-d5b8284a-5316-4ac3-89ed-59f243c39166] INFO  o.eclipse.m2e.core.internal.Bundles - 	Entry: C:\Users\Admin\.p2\pool\plugins\org.eclipse.m2e.maven.runtime_3.9.700.20240602-2313\jars\org.eclipse.sisu.inject-0.9.0.M2.jar
2025-12-22 08:31:22,627 [Worker-28: Launching mavenrun-d5b8284a-5316-4ac3-89ed-59f243c39166] INFO  o.eclipse.m2e.core.internal.Bundles - 	Entry: C:\Users\Admin\.p2\pool\plugins\org.eclipse.m2e.maven.runtime_3.9.700.20240602-2313\jars\org.eclipse.sisu.plexus-0.9.0.M2.jar
2025-12-22 08:31:22,627 [Worker-28: Launching mavenrun-d5b8284a-5316-4ac3-89ed-59f243c39166] INFO  o.eclipse.m2e.core.internal.Bundles - 	Entry: C:\Users\Admin\.p2\pool\plugins\org.eclipse.m2e.maven.runtime_3.9.700.20240602-2313\jars\plexus-build-api-0.0.7.jar
2025-12-22 08:31:22,627 [Worker-28: Launching mavenrun-d5b8284a-5316-4ac3-89ed-59f243c39166] INFO  o.eclipse.m2e.core.internal.Bundles - 	Entry: C:\Users\Admin\.p2\pool\plugins\org.eclipse.m2e.maven.runtime_3.9.700.20240602-2313\jars\plexus-build-api-1.2.0.jar
2025-12-22 08:31:22,627 [Worker-28: Launching mavenrun-d5b8284a-5316-4ac3-89ed-59f243c39166] INFO  o.eclipse.m2e.core.internal.Bundles - 	Entry: C:\Users\Admin\.p2\pool\plugins\org.eclipse.m2e.maven.runtime_3.9.700.20240602-2313\jars\plexus-cipher-2.0.jar
2025-12-22 08:31:22,627 [Worker-28: Launching mavenrun-d5b8284a-5316-4ac3-89ed-59f243c39166] INFO  o.eclipse.m2e.core.internal.Bundles - 	Entry: C:\Users\Admin\.p2\pool\plugins\org.eclipse.m2e.maven.runtime_3.9.700.20240602-2313\jars\plexus-classworlds-2.8.0.jar
2025-12-22 08:31:22,627 [Worker-28: Launching mavenrun-d5b8284a-5316-4ac3-89ed-59f243c39166] INFO  o.eclipse.m2e.core.internal.Bundles - 	Entry: C:\Users\Admin\.p2\pool\plugins\org.eclipse.m2e.maven.runtime_3.9.700.20240602-2313\jars\plexus-component-annotations-2.1.0.jar
2025-12-22 08:31:22,627 [Worker-28: Launching mavenrun-d5b8284a-5316-4ac3-89ed-59f243c39166] INFO  o.eclipse.m2e.core.internal.Bundles - 	Entry: C:\Users\Admin\.p2\pool\plugins\org.eclipse.m2e.maven.runtime_3.9.700.20240602-2313\jars\plexus-interpolation-1.27.jar
2025-12-22 08:31:22,628 [Worker-28: Launching mavenrun-d5b8284a-5316-4ac3-89ed-59f243c39166] INFO  o.eclipse.m2e.core.internal.Bundles - 	Entry: C:\Users\Admin\.p2\pool\plugins\org.eclipse.m2e.maven.runtime_3.9.700.20240602-2313\jars\plexus-sec-dispatcher-2.0.jar
2025-12-22 08:31:22,628 [Worker-28: Launching mavenrun-d5b8284a-5316-4ac3-89ed-59f243c39166] INFO  o.eclipse.m2e.core.internal.Bundles - 	Entry: C:\Users\Admin\.p2\pool\plugins\org.eclipse.m2e.maven.runtime_3.9.700.20240602-2313\jars\plexus-utils-3.5.1.jar
2025-12-22 08:31:22,628 [Worker-28: Launching mavenrun-d5b8284a-5316-4ac3-89ed-59f243c39166] INFO  o.eclipse.m2e.core.internal.Bundles - 	Entry: C:\Users\Admin\.p2\pool\plugins\org.eclipse.m2e.maven.runtime_3.9.700.20240602-2313\jars\wagon-file-3.5.3.jar
2025-12-22 08:31:22,628 [Worker-28: Launching mavenrun-d5b8284a-5316-4ac3-89ed-59f243c39166] INFO  o.eclipse.m2e.core.internal.Bundles - 	Entry: C:\Users\Admin\.p2\pool\plugins\org.eclipse.m2e.maven.runtime_3.9.700.20240602-2313\jars\wagon-http-3.5.3.jar
2025-12-22 08:31:22,628 [Worker-28: Launching mavenrun-d5b8284a-5316-4ac3-89ed-59f243c39166] INFO  o.eclipse.m2e.core.internal.Bundles - 	Entry: C:\Users\Admin\.p2\pool\plugins\org.eclipse.m2e.maven.runtime_3.9.700.20240602-2313\jars\wagon-http-shared-3.5.3.jar
2025-12-22 08:31:22,628 [Worker-28: Launching mavenrun-d5b8284a-5316-4ac3-89ed-59f243c39166] INFO  o.eclipse.m2e.core.internal.Bundles - 	Entry: C:\Users\Admin\.p2\pool\plugins\org.eclipse.m2e.maven.runtime_3.9.700.20240602-2313\jars\wagon-provider-api-3.5.3.jar
2025-12-22 08:31:22,630 [Worker-28: Launching mavenrun-d5b8284a-5316-4ac3-89ed-59f243c39166] INFO  o.eclipse.m2e.core.internal.Bundles - getClasspathEntries(Bundle=com.google.guava_33.4.8.jre [1147])
2025-12-22 08:31:22,630 [Worker-28: Launching mavenrun-d5b8284a-5316-4ac3-89ed-59f243c39166] INFO  o.eclipse.m2e.core.internal.Bundles - 	Entry: C:\Users\Admin\.p2\pool\plugins\com.google.guava_33.4.8.jre.jar
2025-12-22 08:31:22,630 [Worker-28: Launching mavenrun-d5b8284a-5316-4ac3-89ed-59f243c39166] INFO  o.eclipse.m2e.core.internal.Bundles - getClasspathEntries(Bundle=slf4j.api_2.0.17 [1007])
2025-12-22 08:31:22,631 [Worker-28: Launching mavenrun-d5b8284a-5316-4ac3-89ed-59f243c39166] INFO  o.eclipse.m2e.core.internal.Bundles - 	Entry: C:\Users\Admin\.p2\pool\plugins\slf4j.api_2.0.17.jar
2025-12-22 08:31:22,631 [Worker-28: Launching mavenrun-d5b8284a-5316-4ac3-89ed-59f243c39166] INFO  o.eclipse.m2e.core.internal.Bundles - getClasspathEntries(Bundle=javax.inject_1.0.0.v20091030 [1223])
2025-12-22 08:31:22,631 [Worker-28: Launching mavenrun-d5b8284a-5316-4ac3-89ed-59f243c39166] INFO  o.eclipse.m2e.core.internal.Bundles - 	Entry: C:\Users\Admin\.p2\pool\plugins\javax.inject_1.0.0.v20091030.jar
2025-12-22 08:31:22,631 [Worker-28: Launching mavenrun-d5b8284a-5316-4ac3-89ed-59f243c39166] INFO  o.eclipse.m2e.core.internal.Bundles - getClasspathEntries(Bundle=javax.annotation_1.3.5.v20200909-1856 [44])
2025-12-22 08:31:22,632 [Worker-28: Launching mavenrun-d5b8284a-5316-4ac3-89ed-59f243c39166] INFO  o.eclipse.m2e.core.internal.Bundles - 	Entry: C:\Users\Admin\.p2\pool\plugins\javax.annotation_1.3.5.v20200909-1856.jar
2025-12-22 08:31:22,632 [Worker-28: Launching mavenrun-d5b8284a-5316-4ac3-89ed-59f243c39166] INFO  o.eclipse.m2e.core.internal.Bundles - getClasspathEntries(Bundle=org.apache.commons.cli_1.9.0 [1161])
2025-12-22 08:31:22,632 [Worker-28: Launching mavenrun-d5b8284a-5316-4ac3-89ed-59f243c39166] INFO  o.eclipse.m2e.core.internal.Bundles - 	Entry: C:\Users\Admin\.p2\pool\plugins\org.apache.commons.cli_1.9.0.jar
2025-12-22 08:31:22,632 [Worker-28: Launching mavenrun-d5b8284a-5316-4ac3-89ed-59f243c39166] INFO  o.eclipse.m2e.core.internal.Bundles - getClasspathEntries(Bundle=org.apache.commons.commons-codec_1.16.0 [81])
2025-12-22 08:31:22,632 [Worker-28: Launching mavenrun-d5b8284a-5316-4ac3-89ed-59f243c39166] INFO  o.eclipse.m2e.core.internal.Bundles - 	Entry: C:\Users\Admin\.p2\pool\plugins\org.apache.commons.commons-codec_1.16.0.jar
2025-12-22 08:31:22,633 [Worker-28: Launching mavenrun-d5b8284a-5316-4ac3-89ed-59f243c39166] INFO  o.eclipse.m2e.core.internal.Bundles - getClasspathEntries(Bundle=org.apache.commons.lang3_3.17.0 [1064])
2025-12-22 08:31:22,633 [Worker-28: Launching mavenrun-d5b8284a-5316-4ac3-89ed-59f243c39166] INFO  o.eclipse.m2e.core.internal.Bundles - 	Entry: C:\Users\Admin\.p2\pool\plugins\org.apache.commons.lang3_3.17.0.jar
2025-12-22 08:31:22,633 [Worker-28: Launching mavenrun-d5b8284a-5316-4ac3-89ed-59f243c39166] INFO  o.eclipse.m2e.core.internal.Bundles - getClasspathEntries(Bundle=com.google.guava.failureaccess_1.0.3 [1148])
2025-12-22 08:31:22,633 [Worker-28: Launching mavenrun-d5b8284a-5316-4ac3-89ed-59f243c39166] INFO  o.eclipse.m2e.core.internal.Bundles - 	Entry: C:\Users\Admin\.p2\pool\plugins\com.google.guava.failureaccess_1.0.3.jar
2025-12-22 08:31:22,638 [Worker-28: Launching mavenrun-d5b8284a-5316-4ac3-89ed-59f243c39166] INFO  o.e.m.i.launch.MavenLaunchDelegate - Run build in "C:\Users\Admin\AppData\Local\Temp\m2e-archetypeGenerator12481605818986063222":
2025-12-22 08:31:22,641 [Worker-28: Launching mavenrun-d5b8284a-5316-4ac3-89ed-59f243c39166] INFO  o.e.m.i.launch.MavenLaunchDelegate -  mvn  -DarchetypeGroupId=org.apache.maven.archetypes -DarchetypeArtifactId=maven-archetype-quickstart -DarchetypeVersion=1.1 -DgroupId=com.selenium -DartifactId=Selenium_Learning -Dversion=0.0.1-SNAPSHOT -Dpackage=com.selenium -DoutputDirectory="C:\Users\Admin\Automation MWF 8-00 to 9-30" -Dstyle.color=always -U archetype:generate
2025-12-22 08:32:04,790 [Worker-0: Creating maven-archetype-quickstart] INFO  o.e.m.c.i.p.ProjectConfigurationManager - Collecting project info '/pom.xml' C:\Users\Admin\Automation MWF 8-00 to 9-30\Selenium_Learning\pom.xml
2025-12-22 08:32:05,510 [Worker-0: Creating maven-archetype-quickstart] INFO  o.e.m.c.i.l.LifecycleMappingFactory - Using org.eclipse.m2e.jdt.JarLifecycleMapping lifecycle mapping for MavenProject: com.selenium:Selenium_Learning:0.0.1-SNAPSHOT @ C:\Users\Admin\Automation MWF 8-00 to 9-30\Selenium_Learning\pom.xml.
2025-12-22 08:32:06,118 [Worker-0: Creating maven-archetype-quickstart] INFO  o.e.m.j.i.AbstractJavaProjectConfigurator - Adding source folder /Selenium_Learning/src/main/java
2025-12-22 08:32:06,120 [Worker-0: Creating maven-archetype-quickstart] INFO  o.e.m.j.i.AbstractJavaProjectConfigurator - Adding resource folder /Selenium_Learning/src/main/resources
2025-12-22 08:32:06,125 [Worker-0: Creating maven-archetype-quickstart] INFO  o.e.m.j.i.AbstractJavaProjectConfigurator - Adding source folder /Selenium_Learning/src/test/java
2025-12-22 08:32:06,126 [Worker-0: Creating maven-archetype-quickstart] INFO  o.e.m.j.i.AbstractJavaProjectConfigurator - Adding resource folder /Selenium_Learning/src/test/resources
2025-12-22 08:32:06,230 [Worker-0: Creating maven-archetype-quickstart] INFO  o.e.m.c.i.p.ProjectConfigurationManager - Imported and configured 1 project(s) in 1 sec
2025-12-22 08:32:07,489 [Worker-29: Building] INFO  o.a.m.s.f.DefaultMavenResourcesFiltering - skip non existing resourceDirectory C:\Users\Admin\Automation MWF 8-00 to 9-30\Selenium_Learning\src\main\resources
2025-12-22 08:32:07,492 [Worker-29: Building] INFO  o.a.m.s.f.DefaultMavenResourcesFiltering - skip non existing resourceDirectory C:\Users\Admin\Automation MWF 8-00 to 9-30\Selenium_Learning\src\test\resources
2025-12-22 08:40:28,500 [Worker-34: Building] INFO  o.e.m.c.i.l.LifecycleMappingFactory - Using org.eclipse.m2e.jdt.JarLifecycleMapping lifecycle mapping for MavenProject: com.selenium:Selenium_Learning:0.0.1-SNAPSHOT @ C:\Users\Admin\Automation MWF 8-00 to 9-30\Selenium_Learning\pom.xml.
2025-12-22 08:40:28,639 [Worker-34: Building] INFO  o.a.m.s.f.DefaultMavenResourcesFiltering - skip non existing resourceDirectory C:\Users\Admin\Automation MWF 8-00 to 9-30\Selenium_Learning\src\main\resources
2025-12-22 08:40:28,644 [Worker-34: Building] INFO  o.a.m.s.f.DefaultMavenResourcesFiltering - skip non existing resourceDirectory C:\Users\Admin\Automation MWF 8-00 to 9-30\Selenium_Learning\src\test\resources
2025-12-22 08:41:27,809 [Worker-33: Building] INFO  o.a.m.s.f.DefaultMavenResourcesFiltering - skip non existing resourceDirectory C:\Users\Admin\Automation MWF 8-00 to 9-30\Selenium_Learning\src\main\resources
2025-12-22 08:41:27,811 [Worker-33: Building] INFO  o.a.m.s.f.DefaultMavenResourcesFiltering - skip non existing resourceDirectory C:\Users\Admin\Automation MWF 8-00 to 9-30\Selenium_Learning\src\test\resources
2025-12-22 08:46:15,410 [Worker-37: Building] INFO  o.e.m.c.i.l.LifecycleMappingFactory - Using org.eclipse.m2e.jdt.JarLifecycleMapping lifecycle mapping for MavenProject: com.selenium:Selenium_Learning:0.0.1-SNAPSHOT @ C:\Users\Admin\Automation MWF 8-00 to 9-30\Selenium_Learning\pom.xml.
2025-12-22 08:46:15,834 [Worker-37: Building] INFO  o.a.m.s.f.DefaultMavenResourcesFiltering - skip non existing resourceDirectory C:\Users\Admin\Automation MWF 8-00 to 9-30\Selenium_Learning\src\main\resources
2025-12-22 08:46:15,837 [Worker-37: Building] INFO  o.a.m.s.f.DefaultMavenResourcesFiltering - skip non existing resourceDirectory C:\Users\Admin\Automation MWF 8-00 to 9-30\Selenium_Learning\src\test\resources
2025-12-22 08:46:17,412 [Worker-37: Building] INFO  o.a.m.s.f.DefaultMavenResourcesFiltering - skip non existing resourceDirectory C:\Users\Admin\Automation MWF 8-00 to 9-30\Selenium_Learning\src\main\resources
2025-12-22 08:46:17,415 [Worker-37: Building] INFO  o.a.m.s.f.DefaultMavenResourcesFiltering - skip non existing resourceDirectory C:\Users\Admin\Automation MWF 8-00 to 9-30\Selenium_Learning\src\test\resources
2025-12-22 08:47:33,405 [Worker-27: Updating Maven Project] INFO  o.e.m.c.i.p.ProjectConfigurationManager - Update started
2025-12-22 08:47:33,639 [Worker-27: Updating Maven Project] INFO  o.e.m.c.i.l.LifecycleMappingFactory - Using org.eclipse.m2e.jdt.JarLifecycleMapping lifecycle mapping for MavenProject: com.selenium:Selenium_Learning:0.0.1-SNAPSHOT @ C:\Users\Admin\Automation MWF 8-00 to 9-30\Selenium_Learning\pom.xml.
2025-12-22 08:47:33,933 [Worker-27: Updating Maven Project] INFO  o.e.m.j.i.AbstractJavaProjectConfigurator - Adding source folder /Selenium_Learning/src/main/java
2025-12-22 08:47:33,934 [Worker-27: Updating Maven Project] INFO  o.e.m.j.i.AbstractJavaProjectConfigurator - Adding resource folder /Selenium_Learning/src/main/resources
2025-12-22 08:47:33,934 [Worker-27: Updating Maven Project] INFO  o.e.m.j.i.AbstractJavaProjectConfigurator - Adding source folder /Selenium_Learning/src/test/java
2025-12-22 08:47:33,935 [Worker-27: Updating Maven Project] INFO  o.e.m.j.i.AbstractJavaProjectConfigurator - Adding resource folder /Selenium_Learning/src/test/resources
2025-12-22 08:47:34,080 [Worker-27: Updating Maven Project] INFO  o.e.m.c.i.p.ProjectConfigurationManager - Update completed for 1 poms: local refresh takes 0.00 sec, refresh facades takes 0.00 sec, update config takes 0.00 sec 
2025-12-22 08:47:34,233 [Worker-40: Building] INFO  o.a.m.s.f.DefaultMavenResourcesFiltering - skip non existing resourceDirectory C:\Users\Admin\Automation MWF 8-00 to 9-30\Selenium_Learning\src\main\resources
2025-12-22 08:47:34,236 [Worker-40: Building] INFO  o.a.m.s.f.DefaultMavenResourcesFiltering - skip non existing resourceDirectory C:\Users\Admin\Automation MWF 8-00 to 9-30\Selenium_Learning\src\test\resources
2025-12-22 08:48:11,240 [Worker-29: Building] INFO  o.a.m.s.f.DefaultMavenResourcesFiltering - skip non existing resourceDirectory C:\Users\Admin\Automation MWF 8-00 to 9-30\Selenium_Learning\src\main\resources
2025-12-22 08:48:11,243 [Worker-29: Building] INFO  o.a.m.s.f.DefaultMavenResourcesFiltering - skip non existing resourceDirectory C:\Users\Admin\Automation MWF 8-00 to 9-30\Selenium_Learning\src\test\resources
2025-12-22 08:48:13,403 [Worker-29: Building] INFO  o.a.m.s.f.DefaultMavenResourcesFiltering - skip non existing resourceDirectory C:\Users\Admin\Automation MWF 8-00 to 9-30\Selenium_Learning\src\main\resources
2025-12-22 08:48:13,405 [Worker-29: Building] INFO  o.a.m.s.f.DefaultMavenResourcesFiltering - skip non existing resourceDirectory C:\Users\Admin\Automation MWF 8-00 to 9-30\Selenium_Learning\src\test\resources
2025-12-22 08:56:10,179 [Worker-27: Building] INFO  o.a.m.s.f.DefaultMavenResourcesFiltering - skip non existing resourceDirectory C:\Users\Admin\Automation MWF 8-00 to 9-30\Selenium_Learning\src\main\resources
2025-12-22 08:56:10,180 [Worker-27: Building] INFO  o.a.m.s.f.DefaultMavenResourcesFiltering - skip non existing resourceDirectory C:\Users\Admin\Automation MWF 8-00 to 9-30\Selenium_Learning\src\test\resources
2025-12-22 08:56:16,359 [Worker-44: Building] INFO  o.a.m.s.f.DefaultMavenResourcesFiltering - skip non existing resourceDirectory C:\Users\Admin\Automation MWF 8-00 to 9-30\Selenium_Learning\src\main\resources
2025-12-22 08:56:16,360 [Worker-44: Building] INFO  o.a.m.s.f.DefaultMavenResourcesFiltering - skip non existing resourceDirectory C:\Users\Admin\Automation MWF 8-00 to 9-30\Selenium_Learning\src\test\resources
2025-12-22 08:56:39,643 [Worker-43: Building] INFO  o.a.m.s.f.DefaultMavenResourcesFiltering - skip non existing resourceDirectory C:\Users\Admin\Automation MWF 8-00 to 9-30\Selenium_Learning\src\main\resources
2025-12-22 08:56:39,645 [Worker-43: Building] INFO  o.a.m.s.f.DefaultMavenResourcesFiltering - skip non existing resourceDirectory C:\Users\Admin\Automation MWF 8-00 to 9-30\Selenium_Learning\src\test\resources
2025-12-22 08:56:52,698 [Worker-47: Building] INFO  o.a.m.s.f.DefaultMavenResourcesFiltering - skip non existing resourceDirectory C:\Users\Admin\Automation MWF 8-00 to 9-30\Selenium_Learning\src\main\resources
2025-12-22 08:56:52,699 [Worker-47: Building] INFO  o.a.m.s.f.DefaultMavenResourcesFiltering - skip non existing resourceDirectory C:\Users\Admin\Automation MWF 8-00 to 9-30\Selenium_Learning\src\test\resources
2025-12-22 08:57:14,286 [Worker-27: Building] INFO  o.a.m.s.f.DefaultMavenResourcesFiltering - skip non existing resourceDirectory C:\Users\Admin\Automation MWF 8-00 to 9-30\Selenium_Learning\src\main\resources
2025-12-22 08:57:14,288 [Worker-27: Building] INFO  o.a.m.s.f.DefaultMavenResourcesFiltering - skip non existing resourceDirectory C:\Users\Admin\Automation MWF 8-00 to 9-30\Selenium_Learning\src\test\resources
2025-12-22 08:58:06,095 [Worker-47: Building] INFO  o.a.m.s.f.DefaultMavenResourcesFiltering - skip non existing resourceDirectory C:\Users\Admin\Automation MWF 8-00 to 9-30\Selenium_Learning\src\main\resources
2025-12-22 08:58:06,097 [Worker-47: Building] INFO  o.a.m.s.f.DefaultMavenResourcesFiltering - skip non existing resourceDirectory C:\Users\Admin\Automation MWF 8-00 to 9-30\Selenium_Learning\src\test\resources
2025-12-22 08:58:13,455 [Worker-46: Building] INFO  o.a.m.s.f.DefaultMavenResourcesFiltering - skip non existing resourceDirectory C:\Users\Admin\Automation MWF 8-00 to 9-30\Selenium_Learning\src\main\resources
2025-12-22 08:58:13,459 [Worker-46: Building] INFO  o.a.m.s.f.DefaultMavenResourcesFiltering - skip non existing resourceDirectory C:\Users\Admin\Automation MWF 8-00 to 9-30\Selenium_Learning\src\test\resources
2025-12-22 08:58:19,263 [Worker-44: Building] INFO  o.a.m.s.f.DefaultMavenResourcesFiltering - skip non existing resourceDirectory C:\Users\Admin\Automation MWF 8-00 to 9-30\Selenium_Learning\src\main\resources
2025-12-22 08:58:19,265 [Worker-44: Building] INFO  o.a.m.s.f.DefaultMavenResourcesFiltering - skip non existing resourceDirectory C:\Users\Admin\Automation MWF 8-00 to 9-30\Selenium_Learning\src\test\resources
2025-12-22 08:59:11,773 [Worker-45: Building] INFO  o.a.m.s.f.DefaultMavenResourcesFiltering - skip non existing resourceDirectory C:\Users\Admin\Automation MWF 8-00 to 9-30\Selenium_Learning\src\main\resources
2025-12-22 08:59:11,775 [Worker-45: Building] INFO  o.a.m.s.f.DefaultMavenResourcesFiltering - skip non existing resourceDirectory C:\Users\Admin\Automation MWF 8-00 to 9-30\Selenium_Learning\src\test\resources
2025-12-22 08:59:46,220 [Worker-43: Building] INFO  o.a.m.s.f.DefaultMavenResourcesFiltering - skip non existing resourceDirectory C:\Users\Admin\Automation MWF 8-00 to 9-30\Selenium_Learning\src\main\resources
2025-12-22 08:59:46,222 [Worker-43: Building] INFO  o.a.m.s.f.DefaultMavenResourcesFiltering - skip non existing resourceDirectory C:\Users\Admin\Automation MWF 8-00 to 9-30\Selenium_Learning\src\test\resources
2025-12-22 08:59:47,308 [Worker-45: Building] INFO  o.a.m.s.f.DefaultMavenResourcesFiltering - skip non existing resourceDirectory C:\Users\Admin\Automation MWF 8-00 to 9-30\Selenium_Learning\src\main\resources
2025-12-22 08:59:47,309 [Worker-45: Building] INFO  o.a.m.s.f.DefaultMavenResourcesFiltering - skip non existing resourceDirectory C:\Users\Admin\Automation MWF 8-00 to 9-30\Selenium_Learning\src\test\resources
2025-12-22 09:00:28,444 [Worker-47: Building] INFO  o.a.m.s.f.DefaultMavenResourcesFiltering - skip non existing resourceDirectory C:\Users\Admin\Automation MWF 8-00 to 9-30\Selenium_Learning\src\main\resources
2025-12-22 09:00:28,446 [Worker-47: Building] INFO  o.a.m.s.f.DefaultMavenResourcesFiltering - skip non existing resourceDirectory C:\Users\Admin\Automation MWF 8-00 to 9-30\Selenium_Learning\src\test\resources
2025-12-22 09:00:57,479 [Worker-47: Building] INFO  o.a.m.s.f.DefaultMavenResourcesFiltering - skip non existing resourceDirectory C:\Users\Admin\Automation MWF 8-00 to 9-30\Selenium_Learning\src\main\resources
2025-12-22 09:00:57,481 [Worker-47: Building] INFO  o.a.m.s.f.DefaultMavenResourcesFiltering - skip non existing resourceDirectory C:\Users\Admin\Automation MWF 8-00 to 9-30\Selenium_Learning\src\test\resources
2025-12-22 09:01:10,182 [Worker-45: Building] INFO  o.a.m.s.f.DefaultMavenResourcesFiltering - skip non existing resourceDirectory C:\Users\Admin\Automation MWF 8-00 to 9-30\Selenium_Learning\src\main\resources
2025-12-22 09:01:10,184 [Worker-45: Building] INFO  o.a.m.s.f.DefaultMavenResourcesFiltering - skip non existing resourceDirectory C:\Users\Admin\Automation MWF 8-00 to 9-30\Selenium_Learning\src\test\resources
2025-12-22 09:01:24,279 [Worker-46: Building] INFO  o.a.m.s.f.DefaultMavenResourcesFiltering - skip non existing resourceDirectory C:\Users\Admin\Automation MWF 8-00 to 9-30\Selenium_Learning\src\main\resources
2025-12-22 09:01:24,281 [Worker-46: Building] INFO  o.a.m.s.f.DefaultMavenResourcesFiltering - skip non existing resourceDirectory C:\Users\Admin\Automation MWF 8-00 to 9-30\Selenium_Learning\src\test\resources
2025-12-22 09:01:34,032 [Worker-45: Building] INFO  o.a.m.s.f.DefaultMavenResourcesFiltering - skip non existing resourceDirectory C:\Users\Admin\Automation MWF 8-00 to 9-30\Selenium_Learning\src\main\resources
2025-12-22 09:01:34,033 [Worker-45: Building] INFO  o.a.m.s.f.DefaultMavenResourcesFiltering - skip non existing resourceDirectory C:\Users\Admin\Automation MWF 8-00 to 9-30\Selenium_Learning\src\test\resources
2025-12-22 09:01:39,801 [Worker-27: Building] INFO  o.a.m.s.f.DefaultMavenResourcesFiltering - skip non existing resourceDirectory C:\Users\Admin\Automation MWF 8-00 to 9-30\Selenium_Learning\src\main\resources
2025-12-22 09:01:39,804 [Worker-27: Building] INFO  o.a.m.s.f.DefaultMavenResourcesFiltering - skip non existing resourceDirectory C:\Users\Admin\Automation MWF 8-00 to 9-30\Selenium_Learning\src\test\resources
2025-12-22 09:01:40,962 [Worker-45: Building] INFO  o.a.m.s.f.DefaultMavenResourcesFiltering - skip non existing resourceDirectory C:\Users\Admin\Automation MWF 8-00 to 9-30\Selenium_Learning\src\main\resources
2025-12-22 09:01:40,964 [Worker-45: Building] INFO  o.a.m.s.f.DefaultMavenResourcesFiltering - skip non existing resourceDirectory C:\Users\Admin\Automation MWF 8-00 to 9-30\Selenium_Learning\src\test\resources
2025-12-22 09:01:42,000 [Worker-47: Building] INFO  o.a.m.s.f.DefaultMavenResourcesFiltering - skip non existing resourceDirectory C:\Users\Admin\Automation MWF 8-00 to 9-30\Selenium_Learning\src\main\resources
2025-12-22 09:01:42,002 [Worker-47: Building] INFO  o.a.m.s.f.DefaultMavenResourcesFiltering - skip non existing resourceDirectory C:\Users\Admin\Automation MWF 8-00 to 9-30\Selenium_Learning\src\test\resources
2025-12-22 09:01:55,079 [Worker-45: Building] INFO  o.a.m.s.f.DefaultMavenResourcesFiltering - skip non existing resourceDirectory C:\Users\Admin\Automation MWF 8-00 to 9-30\Selenium_Learning\src\main\resources
2025-12-22 09:01:55,080 [Worker-45: Building] INFO  o.a.m.s.f.DefaultMavenResourcesFiltering - skip non existing resourceDirectory C:\Users\Admin\Automation MWF 8-00 to 9-30\Selenium_Learning\src\test\resources
2025-12-22 09:02:36,638 [Worker-48: Building] INFO  o.a.m.s.f.DefaultMavenResourcesFiltering - skip non existing resourceDirectory C:\Users\Admin\Automation MWF 8-00 to 9-30\Selenium_Learning\src\main\resources
2025-12-22 09:02:36,640 [Worker-48: Building] INFO  o.a.m.s.f.DefaultMavenResourcesFiltering - skip non existing resourceDirectory C:\Users\Admin\Automation MWF 8-00 to 9-30\Selenium_Learning\src\test\resources
2025-12-22 09:02:41,080 [Worker-47: Building] INFO  o.a.m.s.f.DefaultMavenResourcesFiltering - skip non existing resourceDirectory C:\Users\Admin\Automation MWF 8-00 to 9-30\Selenium_Learning\src\main\resources
2025-12-22 09:02:41,081 [Worker-47: Building] INFO  o.a.m.s.f.DefaultMavenResourcesFiltering - skip non existing resourceDirectory C:\Users\Admin\Automation MWF 8-00 to 9-30\Selenium_Learning\src\test\resources
2025-12-22 09:08:13,053 [Worker-52: Building] INFO  o.a.m.s.f.DefaultMavenResourcesFiltering - skip non existing resourceDirectory C:\Users\Admin\Automation MWF 8-00 to 9-30\Selenium_Learning\src\main\resources
2025-12-22 09:08:13,055 [Worker-52: Building] INFO  o.a.m.s.f.DefaultMavenResourcesFiltering - skip non existing resourceDirectory C:\Users\Admin\Automation MWF 8-00 to 9-30\Selenium_Learning\src\test\resources
2025-12-22 09:08:25,807 [Worker-53: Building] INFO  o.a.m.s.f.DefaultMavenResourcesFiltering - skip non existing resourceDirectory C:\Users\Admin\Automation MWF 8-00 to 9-30\Selenium_Learning\src\main\resources
2025-12-22 09:08:25,808 [Worker-53: Building] INFO  o.a.m.s.f.DefaultMavenResourcesFiltering - skip non existing resourceDirectory C:\Users\Admin\Automation MWF 8-00 to 9-30\Selenium_Learning\src\test\resources
2025-12-22 09:08:29,277 [Worker-54: Building] INFO  o.a.m.s.f.DefaultMavenResourcesFiltering - skip non existing resourceDirectory C:\Users\Admin\Automation MWF 8-00 to 9-30\Selenium_Learning\src\main\resources
2025-12-22 09:08:29,278 [Worker-54: Building] INFO  o.a.m.s.f.DefaultMavenResourcesFiltering - skip non existing resourceDirectory C:\Users\Admin\Automation MWF 8-00 to 9-30\Selenium_Learning\src\test\resources
2025-12-22 09:08:30,613 [Worker-27: Building] INFO  o.a.m.s.f.DefaultMavenResourcesFiltering - skip non existing resourceDirectory C:\Users\Admin\Automation MWF 8-00 to 9-30\Selenium_Learning\src\main\resources
2025-12-22 09:08:30,615 [Worker-27: Building] INFO  o.a.m.s.f.DefaultMavenResourcesFiltering - skip non existing resourceDirectory C:\Users\Admin\Automation MWF 8-00 to 9-30\Selenium_Learning\src\test\resources
2025-12-22 09:08:51,839 [Worker-51: Building] INFO  o.a.m.s.f.DefaultMavenResourcesFiltering - skip non existing resourceDirectory C:\Users\Admin\Automation MWF 8-00 to 9-30\Selenium_Learning\src\main\resources
2025-12-22 09:08:51,841 [Worker-51: Building] INFO  o.a.m.s.f.DefaultMavenResourcesFiltering - skip non existing resourceDirectory C:\Users\Admin\Automation MWF 8-00 to 9-30\Selenium_Learning\src\test\resources
